<?xml version="1.0" encoding="UTF-8"?>
<robot generator="Robot 6.0.2 (Python 3.11.3 on win32)" generated="20230418 16:21:41.119" rpa="false" schemaversion="3">
<suite id="s1" name="Visual" source="C:\Users\samue\OneDrive\Área de Trabalho\gen-ai-robot-test\tests\visual">
<suite id="s1-s1" name="Test Visual Check" source="C:\Users\samue\OneDrive\Área de Trabalho\gen-ai-robot-test\tests\visual\test_visual_check.robot">
<test id="s1-s1-t1" name="Scenario: Login page" line="10">
<kw name="Before Tests" library="test_keywords_common" type="SETUP">
<kw name="Open Browser" library="SeleniumLibrary">
<arg>${SERVER_BASE_URL}</arg>
<arg>${HEADLESS} ${BROWSER}</arg>
<doc>Opens a new browser instance to the optional ``url``.</doc>
<msg timestamp="20230418 16:21:42.248" level="INFO">Opening browser ' Chrome' to base url 'https://www.saucedemo.com/'.</msg>
<status status="PASS" starttime="20230418 16:21:42.248" endtime="20230418 16:21:43.688"/>
</kw>
<kw name="Eyes Open">
<msg timestamp="20230418 16:21:43.693" level="FAIL">No keyword with name 'Eyes Open' found.</msg>
<status status="FAIL" starttime="20230418 16:21:43.693" endtime="20230418 16:21:43.693"/>
</kw>
<status status="FAIL" starttime="20230418 16:21:42.248" endtime="20230418 16:21:43.693"/>
</kw>
<kw name="After Tests" library="test_keywords_common" type="TEARDOWN">
<kw name="Eyes Close Async">
<msg timestamp="20230418 16:21:43.699" level="FAIL">No keyword with name 'Eyes Close Async' found.</msg>
<status status="FAIL" starttime="20230418 16:21:43.699" endtime="20230418 16:21:43.699"/>
</kw>
<kw name="Close All Browsers" library="SeleniumLibrary">
<doc>Closes all open browsers and resets the browser cache.</doc>
<status status="PASS" starttime="20230418 16:21:43.699" endtime="20230418 16:21:49.855"/>
</kw>
<status status="FAIL" starttime="20230418 16:21:43.694" endtime="20230418 16:21:49.855">No keyword with name 'Eyes Close Async' found.</status>
</kw>
<status status="FAIL" starttime="20230418 16:21:42.247" endtime="20230418 16:21:49.856">Setup failed:
No keyword with name 'Eyes Open' found.

Also teardown failed:
No keyword with name 'Eyes Close Async' found.</status>
</test>
<test id="s1-s1-t2" name="Scenario: Inventory page" line="14">
<kw name="Before Tests" library="test_keywords_common" type="SETUP">
<kw name="Open Browser" library="SeleniumLibrary">
<arg>${SERVER_BASE_URL}</arg>
<arg>${HEADLESS} ${BROWSER}</arg>
<doc>Opens a new browser instance to the optional ``url``.</doc>
<msg timestamp="20230418 16:21:49.859" level="INFO">Opening browser ' Chrome' to base url 'https://www.saucedemo.com/'.</msg>
<status status="PASS" starttime="20230418 16:21:49.858" endtime="20230418 16:21:51.236"/>
</kw>
<kw name="Eyes Open">
<msg timestamp="20230418 16:21:51.241" level="FAIL">No keyword with name 'Eyes Open' found.</msg>
<status status="FAIL" starttime="20230418 16:21:51.241" endtime="20230418 16:21:51.241"/>
</kw>
<status status="FAIL" starttime="20230418 16:21:49.858" endtime="20230418 16:21:51.241"/>
</kw>
<kw name="After Tests" library="test_keywords_common" type="TEARDOWN">
<kw name="Eyes Close Async">
<msg timestamp="20230418 16:21:51.247" level="FAIL">No keyword with name 'Eyes Close Async' found.</msg>
<status status="FAIL" starttime="20230418 16:21:51.247" endtime="20230418 16:21:51.247"/>
</kw>
<kw name="Close All Browsers" library="SeleniumLibrary">
<doc>Closes all open browsers and resets the browser cache.</doc>
<status status="PASS" starttime="20230418 16:21:51.247" endtime="20230418 16:21:57.405"/>
</kw>
<status status="FAIL" starttime="20230418 16:21:51.242" endtime="20230418 16:21:57.405">No keyword with name 'Eyes Close Async' found.</status>
</kw>
<status status="FAIL" starttime="20230418 16:21:49.858" endtime="20230418 16:21:57.407">Setup failed:
No keyword with name 'Eyes Open' found.

Also teardown failed:
No keyword with name 'Eyes Close Async' found.</status>
</test>
<status status="FAIL" starttime="20230418 16:21:41.146" endtime="20230418 16:21:57.414"/>
</suite>
<status status="FAIL" starttime="20230418 16:21:41.120" endtime="20230418 16:21:57.417"/>
</suite>
<statistics>
<total>
<stat pass="0" fail="2" skip="0">All Tests</stat>
</total>
<tag>
</tag>
<suite>
<stat pass="0" fail="2" skip="0" id="s1" name="Visual">Visual</stat>
<stat pass="0" fail="2" skip="0" id="s1-s1" name="Test Visual Check">Visual.Test Visual Check</stat>
</suite>
</statistics>
<errors>
<msg timestamp="20230418 16:21:42.239" level="ERROR">Error in file 'C:\Users\samue\OneDrive\Área de Trabalho\gen-ai-robot-test\config\settings.robot' on line 5: Initializing library 'EyesLibrary' with arguments [ runner=web_ufg | config=applitools.yaml ] failed: EyesLibraryConfigError: The configuration file was not found in the following directory: C:\Users\samue\OneDrive\Área de Trabalho\gen-ai-robot-test\tests\visual\applitools.yaml
You could initialize config file with command: 
	`python -m EyesLibrary init-config`
Traceback (most recent call last):
  File "C:\Users\samue\AppData\Local\Programs\Python\Python311\Lib\site-packages\EyesLibrary\__init__.py", line 195, in __init__
    self._configuration = try_parse_configuration(
                          ^^^^^^^^^^^^^^^^^^^^^^^^
  File "C:\Users\samue\AppData\Local\Programs\Python\Python311\Lib\site-packages\EyesLibrary\config_parser.py", line 411, in try_parse_configuration
    raise EyesLibraryConfigError(
EyesLibrary.errors.EyesLibraryConfigError: The configuration file was not found in the following directory: C:\Users\samue\OneDrive\Área de Trabalho\gen-ai-robot-test\tests\visual\applitools.yaml
You could initialize config file with command: 
	`python -m EyesLibrary init-config`</msg>
</errors>
</robot>
